[0.989s] Invoking command in '/home/osu/sensor_team/gps_ws/src/gpspoint': PYTHONPATH=/home/osu/sensor_team/gps_ws/build/gpspoint/prefix_override:/home/osu/sensor_team/gps_ws/install/gpspoint/lib/python3.8/site-packages:${PYTHONPATH} /usr/bin/python3 setup.py egg_info --egg-base ../../build/gpspoint build --build-base /home/osu/sensor_team/gps_ws/build/gpspoint/build install --record /home/osu/sensor_team/gps_ws/build/gpspoint/install.log --install-scripts $base/lib/gpspoint --single-version-externally-managed
[1.108s] running egg_info
[1.108s] writing ../../build/gpspoint/gpspoint.egg-info/PKG-INFO
[1.109s] writing dependency_links to ../../build/gpspoint/gpspoint.egg-info/dependency_links.txt
[1.109s] writing entry points to ../../build/gpspoint/gpspoint.egg-info/entry_points.txt
[1.109s] writing requirements to ../../build/gpspoint/gpspoint.egg-info/requires.txt
[1.109s] writing top-level names to ../../build/gpspoint/gpspoint.egg-info/top_level.txt
[1.128s] reading manifest file '../../build/gpspoint/gpspoint.egg-info/SOURCES.txt'
[1.129s] writing manifest file '../../build/gpspoint/gpspoint.egg-info/SOURCES.txt'
[1.129s] running build
[1.129s] running build_py
[1.129s] running install
[1.130s] running install_lib
[1.130s] running install_data
[1.131s] running install_egg_info
[1.132s] removing '/home/osu/sensor_team/gps_ws/install/gpspoint/lib/python3.8/site-packages/gpspoint-0.0.0-py3.8.egg-info' (and everything under it)
[1.132s] Copying ../../build/gpspoint/gpspoint.egg-info to /home/osu/sensor_team/gps_ws/install/gpspoint/lib/python3.8/site-packages/gpspoint-0.0.0-py3.8.egg-info
[1.132s] running install_scripts
[1.142s] Installing gpspoint script to /home/osu/sensor_team/gps_ws/install/gpspoint/lib/gpspoint
[1.143s] writing list of installed files to '/home/osu/sensor_team/gps_ws/build/gpspoint/install.log'
[1.156s] Invoked command in '/home/osu/sensor_team/gps_ws/src/gpspoint' returned '0': PYTHONPATH=/home/osu/sensor_team/gps_ws/build/gpspoint/prefix_override:/home/osu/sensor_team/gps_ws/install/gpspoint/lib/python3.8/site-packages:${PYTHONPATH} /usr/bin/python3 setup.py egg_info --egg-base ../../build/gpspoint build --build-base /home/osu/sensor_team/gps_ws/build/gpspoint/build install --record /home/osu/sensor_team/gps_ws/build/gpspoint/install.log --install-scripts $base/lib/gpspoint --single-version-externally-managed
