running egg_info
creating ../../build/gpspoint/gpspoint.egg-info
writing ../../build/gpspoint/gpspoint.egg-info/PKG-INFO
writing dependency_links to ../../build/gpspoint/gpspoint.egg-info/dependency_links.txt
writing entry points to ../../build/gpspoint/gpspoint.egg-info/entry_points.txt
writing requirements to ../../build/gpspoint/gpspoint.egg-info/requires.txt
writing top-level names to ../../build/gpspoint/gpspoint.egg-info/top_level.txt
writing manifest file '../../build/gpspoint/gpspoint.egg-info/SOURCES.txt'
reading manifest file '../../build/gpspoint/gpspoint.egg-info/SOURCES.txt'
writing manifest file '../../build/gpspoint/gpspoint.egg-info/SOURCES.txt'
running build
running build_py
creating /home/osu/sensor_team/gps_ws/build/gpspoint/build
creating /home/osu/sensor_team/gps_ws/build/gpspoint/build/lib
creating /home/osu/sensor_team/gps_ws/build/gpspoint/build/lib/gpspoint
copying gpspoint/__init__.py -> /home/osu/sensor_team/gps_ws/build/gpspoint/build/lib/gpspoint
copying gpspoint/gpspoint.py -> /home/osu/sensor_team/gps_ws/build/gpspoint/build/lib/gpspoint
running install
running install_lib
creating /home/osu/sensor_team/gps_ws/install/gpspoint/lib/python3.8/site-packages/gpspoint
copying /home/osu/sensor_team/gps_ws/build/gpspoint/build/lib/gpspoint/__init__.py -> /home/osu/sensor_team/gps_ws/install/gpspoint/lib/python3.8/site-packages/gpspoint
copying /home/osu/sensor_team/gps_ws/build/gpspoint/build/lib/gpspoint/gpspoint.py -> /home/osu/sensor_team/gps_ws/install/gpspoint/lib/python3.8/site-packages/gpspoint
byte-compiling /home/osu/sensor_team/gps_ws/install/gpspoint/lib/python3.8/site-packages/gpspoint/__init__.py to __init__.cpython-38.pyc
byte-compiling /home/osu/sensor_team/gps_ws/install/gpspoint/lib/python3.8/site-packages/gpspoint/gpspoint.py to gpspoint.cpython-38.pyc
running install_data
creating /home/osu/sensor_team/gps_ws/install/gpspoint/share/ament_index
creating /home/osu/sensor_team/gps_ws/install/gpspoint/share/ament_index/resource_index
creating /home/osu/sensor_team/gps_ws/install/gpspoint/share/ament_index/resource_index/packages
copying resource/gpspoint -> /home/osu/sensor_team/gps_ws/install/gpspoint/share/ament_index/resource_index/packages
copying package.xml -> /home/osu/sensor_team/gps_ws/install/gpspoint/share/gpspoint
running install_egg_info
Copying ../../build/gpspoint/gpspoint.egg-info to /home/osu/sensor_team/gps_ws/install/gpspoint/lib/python3.8/site-packages/gpspoint-0.0.0-py3.8.egg-info
running install_scripts
Installing gpspoint script to /home/osu/sensor_team/gps_ws/install/gpspoint/lib/gpspoint
writing list of installed files to '/home/osu/sensor_team/gps_ws/build/gpspoint/install.log'
