[0.802s] Invoking command in '/home/osu/sensor_team/gps_ws/src/gpspoint': PYTHONPATH=/home/osu/sensor_team/gps_ws/build/gpspoint/prefix_override:/home/osu/sensor_team/gps_ws/install/gpspoint/lib/python3.8/site-packages:${PYTHONPATH} /usr/bin/python3 setup.py egg_info --egg-base ../../build/gpspoint build --build-base /home/osu/sensor_team/gps_ws/build/gpspoint/build install --record /home/osu/sensor_team/gps_ws/build/gpspoint/install.log --install-scripts $base/lib/gpspoint --single-version-externally-managed
[1.022s] running egg_info
[1.023s] creating ../../build/gpspoint/gpspoint.egg-info
[1.023s] writing ../../build/gpspoint/gpspoint.egg-info/PKG-INFO
[1.024s] writing dependency_links to ../../build/gpspoint/gpspoint.egg-info/dependency_links.txt
[1.024s] writing entry points to ../../build/gpspoint/gpspoint.egg-info/entry_points.txt
[1.024s] writing requirements to ../../build/gpspoint/gpspoint.egg-info/requires.txt
[1.024s] writing top-level names to ../../build/gpspoint/gpspoint.egg-info/top_level.txt
[1.025s] writing manifest file '../../build/gpspoint/gpspoint.egg-info/SOURCES.txt'
[1.070s] reading manifest file '../../build/gpspoint/gpspoint.egg-info/SOURCES.txt'
[1.071s] writing manifest file '../../build/gpspoint/gpspoint.egg-info/SOURCES.txt'
[1.071s] running build
[1.071s] running build_py
[1.072s] creating /home/osu/sensor_team/gps_ws/build/gpspoint/build
[1.072s] creating /home/osu/sensor_team/gps_ws/build/gpspoint/build/lib
[1.072s] creating /home/osu/sensor_team/gps_ws/build/gpspoint/build/lib/gpspoint
[1.072s] copying gpspoint/__init__.py -> /home/osu/sensor_team/gps_ws/build/gpspoint/build/lib/gpspoint
[1.072s] copying gpspoint/gpspoint.py -> /home/osu/sensor_team/gps_ws/build/gpspoint/build/lib/gpspoint
[1.072s] running install
[1.073s] running install_lib
[1.073s] creating /home/osu/sensor_team/gps_ws/install/gpspoint/lib/python3.8/site-packages/gpspoint
[1.073s] copying /home/osu/sensor_team/gps_ws/build/gpspoint/build/lib/gpspoint/__init__.py -> /home/osu/sensor_team/gps_ws/install/gpspoint/lib/python3.8/site-packages/gpspoint
[1.074s] copying /home/osu/sensor_team/gps_ws/build/gpspoint/build/lib/gpspoint/gpspoint.py -> /home/osu/sensor_team/gps_ws/install/gpspoint/lib/python3.8/site-packages/gpspoint
[1.074s] byte-compiling /home/osu/sensor_team/gps_ws/install/gpspoint/lib/python3.8/site-packages/gpspoint/__init__.py to __init__.cpython-38.pyc
[1.075s] byte-compiling /home/osu/sensor_team/gps_ws/install/gpspoint/lib/python3.8/site-packages/gpspoint/gpspoint.py to gpspoint.cpython-38.pyc
[1.076s] running install_data
[1.077s] creating /home/osu/sensor_team/gps_ws/install/gpspoint/share/ament_index
[1.077s] creating /home/osu/sensor_team/gps_ws/install/gpspoint/share/ament_index/resource_index
[1.077s] creating /home/osu/sensor_team/gps_ws/install/gpspoint/share/ament_index/resource_index/packages
[1.077s] copying resource/gpspoint -> /home/osu/sensor_team/gps_ws/install/gpspoint/share/ament_index/resource_index/packages
[1.077s] copying package.xml -> /home/osu/sensor_team/gps_ws/install/gpspoint/share/gpspoint
[1.077s] running install_egg_info
[1.079s] Copying ../../build/gpspoint/gpspoint.egg-info to /home/osu/sensor_team/gps_ws/install/gpspoint/lib/python3.8/site-packages/gpspoint-0.0.0-py3.8.egg-info
[1.079s] running install_scripts
[1.100s] Installing gpspoint script to /home/osu/sensor_team/gps_ws/install/gpspoint/lib/gpspoint
[1.100s] writing list of installed files to '/home/osu/sensor_team/gps_ws/build/gpspoint/install.log'
[1.130s] Invoked command in '/home/osu/sensor_team/gps_ws/src/gpspoint' returned '0': PYTHONPATH=/home/osu/sensor_team/gps_ws/build/gpspoint/prefix_override:/home/osu/sensor_team/gps_ws/install/gpspoint/lib/python3.8/site-packages:${PYTHONPATH} /usr/bin/python3 setup.py egg_info --egg-base ../../build/gpspoint build --build-base /home/osu/sensor_team/gps_ws/build/gpspoint/build install --record /home/osu/sensor_team/gps_ws/build/gpspoint/install.log --install-scripts $base/lib/gpspoint --single-version-externally-managed
